{"/Users/feliperohde/Desktop/workspace/MapSet/index.js":{"path":"/Users/feliperohde/Desktop/workspace/MapSet/index.js","s":{"1":1,"2":24,"3":24,"4":9,"5":3,"6":3,"7":1,"8":8,"9":4,"10":3,"11":3,"12":2,"13":1,"14":4,"15":5,"16":3,"17":3,"18":2,"19":3,"20":51,"21":25,"22":26,"23":26,"24":1,"25":25,"26":26,"27":5,"28":1,"29":4,"30":4,"31":2,"32":2,"33":1,"34":2,"35":4,"36":3,"37":1,"38":3,"39":2,"40":2,"41":1,"42":3,"43":1,"44":1},"b":{"1":[3,6],"2":[1,2],"3":[3,1],"4":[2,1],"5":[3,2],"6":[5,5],"7":[2,1],"8":[25,26],"9":[51,27],"10":[1,25],"11":[1,4],"12":[2,2],"13":[4,4],"14":[1,1],"15":[1,2],"16":[2,1],"17":[1,1]},"f":{"1":24,"2":9,"3":4,"4":5,"5":51,"6":5,"7":3},"fnMap":{"1":{"name":"(anonymous_1)","line":2,"loc":{"start":{"line":2,"column":12},"end":{"line":2,"column":29}}},"2":{"name":"(anonymous_2)","line":8,"loc":{"start":{"line":8,"column":5},"end":{"line":8,"column":11}}},"3":{"name":"(anonymous_3)","line":20,"loc":{"start":{"line":20,"column":6},"end":{"line":20,"column":12}}},"4":{"name":"(anonymous_4)","line":34,"loc":{"start":{"line":34,"column":4},"end":{"line":34,"column":24}}},"5":{"name":"(anonymous_5)","line":46,"loc":{"start":{"line":46,"column":4},"end":{"line":46,"column":21}}},"6":{"name":"(anonymous_6)","line":62,"loc":{"start":{"line":62,"column":7},"end":{"line":62,"column":24}}},"7":{"name":"(anonymous_7)","line":82,"loc":{"start":{"line":82,"column":8},"end":{"line":82,"column":24}}}},"statementMap":{"1":{"start":{"line":1,"column":0},"end":{"line":97,"column":1}},"2":{"start":{"line":3,"column":2},"end":{"line":3,"column":10}},"3":{"start":{"line":5,"column":2},"end":{"line":5,"column":27}},"4":{"start":{"line":9,"column":2},"end":{"line":15,"column":3}},"5":{"start":{"line":10,"column":3},"end":{"line":10,"column":36}},"6":{"start":{"line":12,"column":3},"end":{"line":14,"column":4}},"7":{"start":{"line":13,"column":4},"end":{"line":13,"column":27}},"8":{"start":{"line":17,"column":2},"end":{"line":17,"column":20}},"9":{"start":{"line":21,"column":2},"end":{"line":29,"column":3}},"10":{"start":{"line":22,"column":3},"end":{"line":22,"column":36}},"11":{"start":{"line":24,"column":3},"end":{"line":26,"column":4}},"12":{"start":{"line":25,"column":4},"end":{"line":25,"column":22}},"13":{"start":{"line":28,"column":3},"end":{"line":28,"column":17}},"14":{"start":{"line":31,"column":2},"end":{"line":31,"column":14}},"15":{"start":{"line":35,"column":2},"end":{"line":41,"column":3}},"16":{"start":{"line":36,"column":3},"end":{"line":36,"column":36}},"17":{"start":{"line":38,"column":3},"end":{"line":40,"column":4}},"18":{"start":{"line":39,"column":4},"end":{"line":39,"column":33}},"19":{"start":{"line":43,"column":2},"end":{"line":43,"column":24}},"20":{"start":{"line":47,"column":2},"end":{"line":49,"column":3}},"21":{"start":{"line":48,"column":3},"end":{"line":48,"column":15}},"22":{"start":{"line":51,"column":2},"end":{"line":51,"column":35}},"23":{"start":{"line":53,"column":2},"end":{"line":57,"column":3}},"24":{"start":{"line":54,"column":3},"end":{"line":54,"column":51}},"25":{"start":{"line":56,"column":3},"end":{"line":56,"column":35}},"26":{"start":{"line":59,"column":2},"end":{"line":59,"column":14}},"27":{"start":{"line":63,"column":2},"end":{"line":65,"column":3}},"28":{"start":{"line":64,"column":3},"end":{"line":64,"column":15}},"29":{"start":{"line":67,"column":2},"end":{"line":67,"column":35}},"30":{"start":{"line":69,"column":2},"end":{"line":77,"column":3}},"31":{"start":{"line":70,"column":3},"end":{"line":70,"column":54}},"32":{"start":{"line":72,"column":3},"end":{"line":74,"column":4}},"33":{"start":{"line":73,"column":4},"end":{"line":73,"column":22}},"34":{"start":{"line":76,"column":3},"end":{"line":76,"column":21}},"35":{"start":{"line":79,"column":2},"end":{"line":79,"column":14}},"36":{"start":{"line":83,"column":2},"end":{"line":85,"column":3}},"37":{"start":{"line":84,"column":3},"end":{"line":84,"column":33}},"38":{"start":{"line":87,"column":2},"end":{"line":95,"column":3}},"39":{"start":{"line":88,"column":3},"end":{"line":88,"column":36}},"40":{"start":{"line":90,"column":3},"end":{"line":92,"column":4}},"41":{"start":{"line":91,"column":4},"end":{"line":91,"column":49}},"42":{"start":{"line":91,"column":32},"end":{"line":91,"column":47}},"43":{"start":{"line":94,"column":3},"end":{"line":94,"column":43}},"44":{"start":{"line":94,"column":26},"end":{"line":94,"column":41}}},"branchMap":{"1":{"line":9,"type":"if","locations":[{"start":{"line":9,"column":2},"end":{"line":9,"column":2}},{"start":{"line":9,"column":2},"end":{"line":9,"column":2}}]},"2":{"line":12,"type":"if","locations":[{"start":{"line":12,"column":3},"end":{"line":12,"column":3}},{"start":{"line":12,"column":3},"end":{"line":12,"column":3}}]},"3":{"line":21,"type":"if","locations":[{"start":{"line":21,"column":2},"end":{"line":21,"column":2}},{"start":{"line":21,"column":2},"end":{"line":21,"column":2}}]},"4":{"line":24,"type":"if","locations":[{"start":{"line":24,"column":3},"end":{"line":24,"column":3}},{"start":{"line":24,"column":3},"end":{"line":24,"column":3}}]},"5":{"line":35,"type":"if","locations":[{"start":{"line":35,"column":2},"end":{"line":35,"column":2}},{"start":{"line":35,"column":2},"end":{"line":35,"column":2}}]},"6":{"line":35,"type":"binary-expr","locations":[{"start":{"line":35,"column":6},"end":{"line":35,"column":9}},{"start":{"line":35,"column":13},"end":{"line":35,"column":18}}]},"7":{"line":38,"type":"if","locations":[{"start":{"line":38,"column":3},"end":{"line":38,"column":3}},{"start":{"line":38,"column":3},"end":{"line":38,"column":3}}]},"8":{"line":47,"type":"if","locations":[{"start":{"line":47,"column":2},"end":{"line":47,"column":2}},{"start":{"line":47,"column":2},"end":{"line":47,"column":2}}]},"9":{"line":47,"type":"binary-expr","locations":[{"start":{"line":47,"column":6},"end":{"line":47,"column":10}},{"start":{"line":47,"column":14},"end":{"line":47,"column":28}}]},"10":{"line":53,"type":"if","locations":[{"start":{"line":53,"column":2},"end":{"line":53,"column":2}},{"start":{"line":53,"column":2},"end":{"line":53,"column":2}}]},"11":{"line":63,"type":"if","locations":[{"start":{"line":63,"column":2},"end":{"line":63,"column":2}},{"start":{"line":63,"column":2},"end":{"line":63,"column":2}}]},"12":{"line":69,"type":"if","locations":[{"start":{"line":69,"column":2},"end":{"line":69,"column":2}},{"start":{"line":69,"column":2},"end":{"line":69,"column":2}}]},"13":{"line":69,"type":"binary-expr","locations":[{"start":{"line":69,"column":6},"end":{"line":69,"column":16}},{"start":{"line":69,"column":20},"end":{"line":69,"column":33}}]},"14":{"line":72,"type":"if","locations":[{"start":{"line":72,"column":3},"end":{"line":72,"column":3}},{"start":{"line":72,"column":3},"end":{"line":72,"column":3}}]},"15":{"line":83,"type":"if","locations":[{"start":{"line":83,"column":2},"end":{"line":83,"column":2}},{"start":{"line":83,"column":2},"end":{"line":83,"column":2}}]},"16":{"line":87,"type":"if","locations":[{"start":{"line":87,"column":2},"end":{"line":87,"column":2}},{"start":{"line":87,"column":2},"end":{"line":87,"column":2}}]},"17":{"line":90,"type":"if","locations":[{"start":{"line":90,"column":3},"end":{"line":90,"column":3}},{"start":{"line":90,"column":3},"end":{"line":90,"column":3}}]}}}}