TN:
SF:/Users/feliperohde/Desktop/workspace/MapSet/index.js
FN:2,(anonymous_1)
FN:8,(anonymous_2)
FN:20,(anonymous_3)
FN:34,(anonymous_4)
FN:46,(anonymous_5)
FN:62,(anonymous_6)
FN:82,(anonymous_7)
FNF:7
FNH:7
FNDA:24,(anonymous_1)
FNDA:9,(anonymous_2)
FNDA:4,(anonymous_3)
FNDA:5,(anonymous_4)
FNDA:51,(anonymous_5)
FNDA:5,(anonymous_6)
FNDA:3,(anonymous_7)
DA:1,1
DA:3,24
DA:5,24
DA:9,9
DA:10,3
DA:12,3
DA:13,1
DA:17,8
DA:21,4
DA:22,3
DA:24,3
DA:25,2
DA:28,1
DA:31,4
DA:35,5
DA:36,3
DA:38,3
DA:39,2
DA:43,3
DA:47,51
DA:48,25
DA:51,26
DA:53,26
DA:54,1
DA:56,25
DA:59,26
DA:63,5
DA:64,1
DA:67,4
DA:69,4
DA:70,2
DA:72,2
DA:73,1
DA:76,2
DA:79,4
DA:83,3
DA:84,1
DA:87,3
DA:88,2
DA:90,2
DA:91,3
DA:94,1
LF:42
LH:42
BRDA:9,1,0,3
BRDA:9,1,1,6
BRDA:12,2,0,1
BRDA:12,2,1,2
BRDA:21,3,0,3
BRDA:21,3,1,1
BRDA:24,4,0,2
BRDA:24,4,1,1
BRDA:35,5,0,3
BRDA:35,5,1,2
BRDA:35,6,0,5
BRDA:35,6,1,5
BRDA:38,7,0,2
BRDA:38,7,1,1
BRDA:47,8,0,25
BRDA:47,8,1,26
BRDA:47,9,0,51
BRDA:47,9,1,27
BRDA:53,10,0,1
BRDA:53,10,1,25
BRDA:63,11,0,1
BRDA:63,11,1,4
BRDA:69,12,0,2
BRDA:69,12,1,2
BRDA:69,13,0,4
BRDA:69,13,1,4
BRDA:72,14,0,1
BRDA:72,14,1,1
BRDA:83,15,0,1
BRDA:83,15,1,2
BRDA:87,16,0,2
BRDA:87,16,1,1
BRDA:90,17,0,1
BRDA:90,17,1,1
BRF:34
BRH:34
end_of_record
